<?xml version="1.0" encoding="utf-8"?>
<test-run id="2" testcasecount="109" result="Failed(Child)" total="109" passed="108" failed="1" inconclusive="0" skipped="0" asserts="0" engine-version="3.5.0.0" clr-version="4.0.30319.42000" start-time="2026-09-03 23:11:18Z" end-time="2026-09-03 23:11:19Z" duration="1,0219122">
  <test-suite type="TestSuite" id="1146" name="Oficial WildEarth" fullname="Oficial WildEarth" runstate="Runnable" testcasecount="109" result="Failed" site="Child" start-time="2026-09-03 23:11:18Z" end-time="2026-09-03 23:11:19Z" duration="1.021912" total="109" passed="108" failed="1" inconclusive="0" skipped="0" asserts="0">
    <properties>
      <property name="platform" value="PlayMode" />
    </properties>
    <failure>
      <message><![CDATA[One or more child tests had errors]]></message>
    </failure>
    <test-suite type="Assembly" id="1276" name="WildEarth.Tests.dll" fullname="C:/Users/tecno/Oficial WildEarth/Library/ScriptAssemblies/WildEarth.Tests.dll" runstate="Runnable" testcasecount="109" result="Failed" site="Child" start-time="2026-09-03 23:11:18Z" end-time="2026-09-03 23:11:19Z" duration="1.001795" total="109" passed="108" failed="1" inconclusive="0" skipped="0" asserts="0">
      <properties>
        <property name="_PID" value="10892" />
        <property name="_APPDOMAIN" value="Unity Child Domain" />
        <property name="platform" value="PlayMode" />
        <property name="EditorOnly" value="False" />
      </properties>
      <failure>
        <message><![CDATA[One or more child tests had errors]]></message>
      </failure>
      <test-suite type="TestSuite" id="1277" name="WildEarth" fullname="WildEarth" runstate="Runnable" testcasecount="109" result="Failed" site="Child" start-time="2026-09-03 23:11:18Z" end-time="2026-09-03 23:11:19Z" duration="0.995997" total="109" passed="108" failed="1" inconclusive="0" skipped="0" asserts="0">
        <properties />
        <failure>
          <message><![CDATA[One or more child tests had errors]]></message>
        </failure>
        <test-suite type="TestSuite" id="1278" name="Tests" fullname="WildEarth.Tests" runstate="Runnable" testcasecount="81" result="Passed" start-time="2026-09-03 23:11:18Z" end-time="2026-09-03 23:11:19Z" duration="0.874582" total="81" passed="81" failed="0" inconclusive="0" skipped="0" asserts="0">
          <properties />
          <test-suite type="TestSuite" id="1279" name="Voxel" fullname="WildEarth.Tests.Voxel" runstate="Runnable" testcasecount="81" result="Passed" start-time="2026-09-03 23:11:18Z" end-time="2026-09-03 23:11:19Z" duration="0.868857" total="81" passed="81" failed="0" inconclusive="0" skipped="0" asserts="0">
            <properties />
            <test-suite type="TestFixture" id="1216" name="BiomeGenerationTests" fullname="WildEarth.Tests.Voxel.BiomeGenerationTests" classname="WildEarth.Tests.Voxel.BiomeGenerationTests" runstate="Runnable" testcasecount="2" result="Passed" start-time="2026-09-03 23:11:18Z" end-time="2026-09-03 23:11:18Z" duration="0.067127" total="2" passed="2" failed="0" inconclusive="0" skipped="0" asserts="0">
              <properties />
              <test-case id="1217" name="BiomeJob_FillsBiomeData" fullname="WildEarth.Tests.Voxel.BiomeGenerationTests.BiomeJob_FillsBiomeData" methodname="BiomeJob_FillsBiomeData" classname="WildEarth.Tests.Voxel.BiomeGenerationTests" runstate="Runnable" seed="601773458" result="Passed" start-time="2026-09-03 23:11:18Z" end-time="2026-09-03 23:11:18Z" duration="0.028788" asserts="0">
                <properties>
                  <property name="retryIteration" value="0" />
                  <property name="repeatIteration" value="0" />
                </properties>
              </test-case>
              <test-case id="1218" name="BiomeJob_IsDeterministic" fullname="WildEarth.Tests.Voxel.BiomeGenerationTests.BiomeJob_IsDeterministic" methodname="BiomeJob_IsDeterministic" classname="WildEarth.Tests.Voxel.BiomeGenerationTests" runstate="Runnable" seed="8622612" result="Passed" start-time="2026-09-03 23:11:18Z" end-time="2026-09-03 23:11:18Z" duration="0.009395" asserts="0">
                <properties>
                  <property name="retryIteration" value="0" />
                  <property name="repeatIteration" value="0" />
                </properties>
              </test-case>
            </test-suite>
            <test-suite type="TestFixture" id="1219" name="CaveGenerationTests" fullname="WildEarth.Tests.Voxel.CaveGenerationTests" classname="WildEarth.Tests.Voxel.CaveGenerationTests" runstate="Runnable" testcasecount="5" result="Passed" start-time="2026-09-03 23:11:18Z" end-time="2026-09-03 23:11:18Z" duration="0.094460" total="5" passed="5" failed="0" inconclusive="0" skipped="0" asserts="0">
              <properties />
              <test-case id="1223" name="CaveJob_CanCreateAir" fullname="WildEarth.Tests.Voxel.CaveGenerationTests.CaveJob_CanCreateAir" methodname="CaveJob_CanCreateAir" classname="WildEarth.Tests.Voxel.CaveGenerationTests" runstate="Runnable" seed="654403051" result="Passed" start-time="2026-09-03 23:11:18Z" end-time="2026-09-03 23:11:18Z" duration="0.009860" asserts="0">
                <properties>
                  <property name="retryIteration" value="0" />
                  <property name="repeatIteration" value="0" />
                </properties>
              </test-case>
              <test-case id="1220" name="CaveJob_Disabled_DoesNotModifyVoxels" fullname="WildEarth.Tests.Voxel.CaveGenerationTests.CaveJob_Disabled_DoesNotModifyVoxels" methodname="CaveJob_Disabled_DoesNotModifyVoxels" classname="WildEarth.Tests.Voxel.CaveGenerationTests" runstate="Runnable" seed="117186146" result="Passed" start-time="2026-09-03 23:11:18Z" end-time="2026-09-03 23:11:18Z" duration="0.010284" asserts="0">
                <properties>
                  <property name="retryIteration" value="0" />
                  <property name="repeatIteration" value="0" />
                </properties>
              </test-case>
              <test-case id="1224" name="CaveJob_DoesNotCarveProtectedBlocks" fullname="WildEarth.Tests.Voxel.CaveGenerationTests.CaveJob_DoesNotCarveProtectedBlocks" methodname="CaveJob_DoesNotCarveProtectedBlocks" classname="WildEarth.Tests.Voxel.CaveGenerationTests" runstate="Runnable" seed="705497653" result="Passed" start-time="2026-09-03 23:11:18Z" end-time="2026-09-03 23:11:18Z" duration="0.033395" asserts="0">
                <properties>
                  <property name="retryIteration" value="0" />
                  <property name="repeatIteration" value="0" />
                </properties>
              </test-case>
              <test-case id="1222" name="CaveJob_IsDeterministic" fullname="WildEarth.Tests.Voxel.CaveGenerationTests.CaveJob_IsDeterministic" methodname="CaveJob_IsDeterministic" classname="WildEarth.Tests.Voxel.CaveGenerationTests" runstate="Runnable" seed="1553678028" result="Passed" start-time="2026-09-03 23:11:18Z" end-time="2026-09-03 23:11:18Z" duration="0.018844" asserts="0">
                <properties>
                  <property name="retryIteration" value="0" />
                  <property name="repeatIteration" value="0" />
                </properties>
              </test-case>
              <test-case id="1221" name="CaveJob_WithImpossibleThreshold_DoesNotModifyVoxels" fullname="WildEarth.Tests.Voxel.CaveGenerationTests.CaveJob_WithImpossibleThreshold_DoesNotModifyVoxels" methodname="CaveJob_WithImpossibleThreshold_DoesNotModifyVoxels" classname="WildEarth.Tests.Voxel.CaveGenerationTests" runstate="Runnable" seed="545694503" result="Passed" start-time="2026-09-03 23:11:18Z" end-time="2026-09-03 23:11:18Z" duration="0.011270" asserts="0">
                <properties>
                  <property name="retryIteration" value="0" />
                  <property name="repeatIteration" value="0" />
                </properties>
              </test-case>
            </test-suite>
            <test-suite type="TestFixture" id="1150" name="ChunkBiomeDataTests" fullname="WildEarth.Tests.Voxel.ChunkBiomeDataTests" classname="WildEarth.Tests.Voxel.ChunkBiomeDataTests" runstate="Runnable" testcasecount="4" result="Passed" start-time="2026-09-03 23:11:18Z" end-time="2026-09-03 23:11:18Z" duration="0.014636" total="4" passed="4" failed="0" inconclusive="0" skipped="0" asserts="0">
              <properties />
              <test-case id="1151" name="Data_IsCreated" fullname="WildEarth.Tests.Voxel.ChunkBiomeDataTests.Data_IsCreated" methodname="Data_IsCreated" classname="WildEarth.Tests.Voxel.ChunkBiomeDataTests" runstate="Runnable" seed="35962435" result="Passed" start-time="2026-09-03 23:11:18Z" end-time="2026-09-03 23:11:18Z" duration="0.001423" asserts="0">
                <properties>
                  <property name="retryIteration" value="0" />
                  <property name="repeatIteration" value="0" />
                </properties>
              </test-case>
              <test-case id="1152" name="DefaultBiome_IsPlains" fullname="WildEarth.Tests.Voxel.ChunkBiomeDataTests.DefaultBiome_IsPlains" methodname="DefaultBiome_IsPlains" classname="WildEarth.Tests.Voxel.ChunkBiomeDataTests" runstate="Runnable" seed="37983313" result="Passed" start-time="2026-09-03 23:11:18Z" end-time="2026-09-03 23:11:18Z" duration="0.000858" asserts="0">
                <properties>
                  <property name="retryIteration" value="0" />
                  <property name="repeatIteration" value="0" />
                </properties>
              </test-case>
              <test-case id="1154" name="OutOfBounds_ReturnsPlains" fullname="WildEarth.Tests.Voxel.ChunkBiomeDataTests.OutOfBounds_ReturnsPlains" methodname="OutOfBounds_ReturnsPlains" classname="WildEarth.Tests.Voxel.ChunkBiomeDataTests" runstate="Runnable" seed="1729413288" result="Passed" start-time="2026-09-03 23:11:18Z" end-time="2026-09-03 23:11:18Z" duration="0.000441" asserts="0">
                <properties>
                  <property name="retryIteration" value="0" />
                  <property name="repeatIteration" value="0" />
                </properties>
              </test-case>
              <test-case id="1153" name="SetAndGet_ReturnsSameBiome" fullname="WildEarth.Tests.Voxel.ChunkBiomeDataTests.SetAndGet_ReturnsSameBiome" methodname="SetAndGet_ReturnsSameBiome" classname="WildEarth.Tests.Voxel.ChunkBiomeDataTests" runstate="Runnable" seed="2120291552" result="Passed" start-time="2026-09-03 23:11:18Z" end-time="2026-09-03 23:11:18Z" duration="0.001029" asserts="0">
                <properties>
                  <property name="retryIteration" value="0" />
                  <property name="repeatIteration" value="0" />
                </properties>
              </test-case>
            </test-suite>
            <test-suite type="TestFixture" id="1155" name="ChunkGenerationTests" fullname="WildEarth.Tests.Voxel.ChunkGenerationTests" classname="WildEarth.Tests.Voxel.ChunkGenerationTests" runstate="Runnable" testcasecount="3" result="Passed" start-time="2026-09-03 23:11:18Z" end-time="2026-09-03 23:11:18Z" duration="0.240809" total="3" passed="3" failed="0" inconclusive="0" skipped="0" asserts="0">
              <properties />
              <test-case id="1156" name="GeneratedChunk_IsMarkedGenerated" fullname="WildEarth.Tests.Voxel.ChunkGenerationTests.GeneratedChunk_IsMarkedGenerated" methodname="GeneratedChunk_IsMarkedGenerated" classname="WildEarth.Tests.Voxel.ChunkGenerationTests" runstate="Runnable" seed="1362864665" result="Passed" start-time="2026-09-03 23:11:18Z" end-time="2026-09-03 23:11:18Z" duration="0.088977" asserts="0">
                <properties>
                  <property name="retryIteration" value="0" />
                  <property name="repeatIteration" value="0" />
                </properties>
              </test-case>
              <test-case id="1157" name="GenerationProducesNonAirBlocks" fullname="WildEarth.Tests.Voxel.ChunkGenerationTests.GenerationProducesNonAirBlocks" methodname="GenerationProducesNonAirBlocks" classname="WildEarth.Tests.Voxel.ChunkGenerationTests" runstate="Runnable" seed="507128225" result="Passed" start-time="2026-09-03 23:11:18Z" end-time="2026-09-03 23:11:18Z" duration="0.050623" asserts="0">
                <properties>
                  <property name="retryIteration" value="0" />
                  <property name="repeatIteration" value="0" />
                </properties>
              </test-case>
              <test-case id="1158" name="SameSeedProducesSameChunk" fullname="WildEarth.Tests.Voxel.ChunkGenerationTests.SameSeedProducesSameChunk" methodname="SameSeedProducesSameChunk" classname="WildEarth.Tests.Voxel.ChunkGenerationTests" runstate="Runnable" seed="2111925360" result="Passed" start-time="2026-09-03 23:11:18Z" end-time="2026-09-03 23:11:18Z" duration="0.090951" asserts="0">
                <properties>
                  <property name="retryIteration" value="0" />
                  <property name="repeatIteration" value="0" />
                </properties>
              </test-case>
            </test-suite>
            <test-suite type="TestFixture" id="1159" name="ChunkNeighborTests" fullname="WildEarth.Tests.Voxel.ChunkNeighborTests" classname="WildEarth.Tests.Voxel.ChunkNeighborTests" runstate="Runnable" testcasecount="17" result="Passed" start-time="2026-09-03 23:11:18Z" end-time="2026-09-03 23:11:19Z" duration="0.043159" total="17" passed="17" failed="0" inconclusive="0" skipped="0" asserts="0">
              <properties />
              <test-case id="1164" name="Above_ReturnsCorrectCoordinate" fullname="WildEarth.Tests.Voxel.ChunkNeighborTests.Above_ReturnsCorrectCoordinate" methodname="Above_ReturnsCorrectCoordinate" classname="WildEarth.Tests.Voxel.ChunkNeighborTests" runstate="Runnable" seed="2108538788" result="Passed" start-time="2026-09-03 23:11:19Z" end-time="2026-09-03 23:11:19Z" duration="0.001633" asserts="0">
                <properties>
                  <property name="retryIteration" value="0" />
                  <property name="repeatIteration" value="0" />
                </properties>
              </test-case>
              <test-case id="1165" name="Below_ReturnsCorrectCoordinate" fullname="WildEarth.Tests.Voxel.ChunkNeighborTests.Below_ReturnsCorrectCoordinate" methodname="Below_ReturnsCorrectCoordinate" classname="WildEarth.Tests.Voxel.ChunkNeighborTests" runstate="Runnable" seed="2142677070" result="Passed" start-time="2026-09-03 23:11:19Z" end-time="2026-09-03 23:11:19Z" duration="0.000390" asserts="0">
                <properties>
                  <property name="retryIteration" value="0" />
                  <property name="repeatIteration" value="0" />
                </properties>
              </test-case>
              <test-case id="1162" name="East_ReturnsCorrectCoordinate" fullname="WildEarth.Tests.Voxel.ChunkNeighborTests.East_ReturnsCorrectCoordinate" methodname="East_ReturnsCorrectCoordinate" classname="WildEarth.Tests.Voxel.ChunkNeighborTests" runstate="Runnable" seed="524461370" result="Passed" start-time="2026-09-03 23:11:19Z" end-time="2026-09-03 23:11:19Z" duration="0.000334" asserts="0">
                <properties>
                  <property name="retryIteration" value="0" />
                  <property name="repeatIteration" value="0" />
                </properties>
              </test-case>
              <test-case id="1176" name="IsBoundary_DetectsAllSixFaces" fullname="WildEarth.Tests.Voxel.ChunkNeighborTests.IsBoundary_DetectsAllSixFaces" methodname="IsBoundary_DetectsAllSixFaces" classname="WildEarth.Tests.Voxel.ChunkNeighborTests" runstate="Runnable" seed="1612234060" result="Passed" start-time="2026-09-03 23:11:19Z" end-time="2026-09-03 23:11:19Z" duration="0.000541" asserts="0">
                <properties>
                  <property name="retryIteration" value="0" />
                  <property name="repeatIteration" value="0" />
                </properties>
              </test-case>
              <test-case id="1160" name="North_ReturnsCorrectCoordinate" fullname="WildEarth.Tests.Voxel.ChunkNeighborTests.North_ReturnsCorrectCoordinate" methodname="North_ReturnsCorrectCoordinate" classname="WildEarth.Tests.Voxel.ChunkNeighborTests" runstate="Runnable" seed="1802549656" result="Passed" start-time="2026-09-03 23:11:19Z" end-time="2026-09-03 23:11:19Z" duration="0.000320" asserts="0">
                <properties>
                  <property name="retryIteration" value="0" />
                  <property name="repeatIteration" value="0" />
                </properties>
              </test-case>
              <test-case id="1161" name="South_ReturnsCorrectCoordinate" fullname="WildEarth.Tests.Voxel.ChunkNeighborTests.South_ReturnsCorrectCoordinate" methodname="South_ReturnsCorrectCoordinate" classname="WildEarth.Tests.Voxel.ChunkNeighborTests" runstate="Runnable" seed="1999439785" result="Passed" start-time="2026-09-03 23:11:19Z" end-time="2026-09-03 23:11:19Z" duration="0.000308" asserts="0">
                <properties>
                  <property name="retryIteration" value="0" />
                  <property name="repeatIteration" value="0" />
                </properties>
              </test-case>
              <test-case id="1167" name="TryGetNeighbor_ReturnsFalseWhenNotLoaded" fullname="WildEarth.Tests.Voxel.ChunkNeighborTests.TryGetNeighbor_ReturnsFalseWhenNotLoaded" methodname="TryGetNeighbor_ReturnsFalseWhenNotLoaded" classname="WildEarth.Tests.Voxel.ChunkNeighborTests" runstate="Runnable" seed="21341745" result="Passed" start-time="2026-09-03 23:11:19Z" end-time="2026-09-03 23:11:19Z" duration="0.000930" asserts="0">
                <properties>
                  <property name="retryIteration" value="0" />
                  <property name="repeatIteration" value="0" />
                </properties>
              </test-case>
              <test-case id="1166" name="TryGetNeighbor_ReturnsLoadedNeighbor" fullname="WildEarth.Tests.Voxel.ChunkNeighborTests.TryGetNeighbor_ReturnsLoadedNeighbor" methodname="TryGetNeighbor_ReturnsLoadedNeighbor" classname="WildEarth.Tests.Voxel.ChunkNeighborTests" runstate="Runnable" seed="751229316" result="Passed" start-time="2026-09-03 23:11:19Z" end-time="2026-09-03 23:11:19Z" duration="0.000964" asserts="0">
                <properties>
                  <property name="retryIteration" value="0" />
                  <property name="repeatIteration" value="0" />
                </properties>
              </test-case>
              <test-case id="1173" name="TryGetVoxel_ReadsAboveNeighbor" fullname="WildEarth.Tests.Voxel.ChunkNeighborTests.TryGetVoxel_ReadsAboveNeighbor" methodname="TryGetVoxel_ReadsAboveNeighbor" classname="WildEarth.Tests.Voxel.ChunkNeighborTests" runstate="Runnable" seed="1017027870" result="Passed" start-time="2026-09-03 23:11:19Z" end-time="2026-09-03 23:11:19Z" duration="0.001446" asserts="0">
                <properties>
                  <property name="retryIteration" value="0" />
                  <property name="repeatIteration" value="0" />
                </properties>
              </test-case>
              <test-case id="1174" name="TryGetVoxel_ReadsBelowNeighbor" fullname="WildEarth.Tests.Voxel.ChunkNeighborTests.TryGetVoxel_ReadsBelowNeighbor" methodname="TryGetVoxel_ReadsBelowNeighbor" classname="WildEarth.Tests.Voxel.ChunkNeighborTests" runstate="Runnable" seed="19151228" result="Passed" start-time="2026-09-03 23:11:19Z" end-time="2026-09-03 23:11:19Z" duration="0.000444" asserts="0">
                <properties>
                  <property name="retryIteration" value="0" />
                  <property name="repeatIteration" value="0" />
                </properties>
              </test-case>
              <test-case id="1168" name="TryGetVoxel_ReadsCurrentChunk" fullname="WildEarth.Tests.Voxel.ChunkNeighborTests.TryGetVoxel_ReadsCurrentChunk" methodname="TryGetVoxel_ReadsCurrentChunk" classname="WildEarth.Tests.Voxel.ChunkNeighborTests" runstate="Runnable" seed="127624365" result="Passed" start-time="2026-09-03 23:11:19Z" end-time="2026-09-03 23:11:19Z" duration="0.000439" asserts="0">
                <properties>
                  <property name="retryIteration" value="0" />
                  <property name="repeatIteration" value="0" />
                </properties>
              </test-case>
              <test-case id="1170" name="TryGetVoxel_ReadsEastNeighbor" fullname="WildEarth.Tests.Voxel.ChunkNeighborTests.TryGetVoxel_ReadsEastNeighbor" methodname="TryGetVoxel_ReadsEastNeighbor" classname="WildEarth.Tests.Voxel.ChunkNeighborTests" runstate="Runnable" seed="785510166" result="Passed" start-time="2026-09-03 23:11:19Z" end-time="2026-09-03 23:11:19Z" duration="0.000461" asserts="0">
                <properties>
                  <property name="retryIteration" value="0" />
                  <property name="repeatIteration" value="0" />
                </properties>
              </test-case>
              <test-case id="1172" name="TryGetVoxel_ReadsNorthNeighbor" fullname="WildEarth.Tests.Voxel.ChunkNeighborTests.TryGetVoxel_ReadsNorthNeighbor" methodname="TryGetVoxel_ReadsNorthNeighbor" classname="WildEarth.Tests.Voxel.ChunkNeighborTests" runstate="Runnable" seed="465817432" result="Passed" start-time="2026-09-03 23:11:19Z" end-time="2026-09-03 23:11:19Z" duration="0.000592" asserts="0">
                <properties>
                  <property name="retryIteration" value="0" />
                  <property name="repeatIteration" value="0" />
                </properties>
              </test-case>
              <test-case id="1171" name="TryGetVoxel_ReadsSouthNeighbor" fullname="WildEarth.Tests.Voxel.ChunkNeighborTests.TryGetVoxel_ReadsSouthNeighbor" methodname="TryGetVoxel_ReadsSouthNeighbor" classname="WildEarth.Tests.Voxel.ChunkNeighborTests" runstate="Runnable" seed="1400337700" result="Passed" start-time="2026-09-03 23:11:19Z" end-time="2026-09-03 23:11:19Z" duration="0.000454" asserts="0">
                <properties>
                  <property name="retryIteration" value="0" />
                  <property name="repeatIteration" value="0" />
                </properties>
              </test-case>
              <test-case id="1169" name="TryGetVoxel_ReadsWestNeighbor" fullname="WildEarth.Tests.Voxel.ChunkNeighborTests.TryGetVoxel_ReadsWestNeighbor" methodname="TryGetVoxel_ReadsWestNeighbor" classname="WildEarth.Tests.Voxel.ChunkNeighborTests" runstate="Runnable" seed="399242177" result="Passed" start-time="2026-09-03 23:11:19Z" end-time="2026-09-03 23:11:19Z" duration="0.000415" asserts="0">
                <properties>
                  <property name="retryIteration" value="0" />
                  <property name="repeatIteration" value="0" />
                </properties>
              </test-case>
              <test-case id="1175" name="TryGetVoxel_ReturnsFalseWhenNeighborIsNotLoaded" fullname="WildEarth.Tests.Voxel.ChunkNeighborTests.TryGetVoxel_ReturnsFalseWhenNeighborIsNotLoaded" methodname="TryGetVoxel_ReturnsFalseWhenNeighborIsNotLoaded" classname="WildEarth.Tests.Voxel.ChunkNeighborTests" runstate="Runnable" seed="83359916" result="Passed" start-time="2026-09-03 23:11:19Z" end-time="2026-09-03 23:11:19Z" duration="0.000440" asserts="0">
                <properties>
                  <property name="retryIteration" value="0" />
                  <property name="repeatIteration" value="0" />
                </properties>
              </test-case>
              <test-case id="1163" name="West_ReturnsCorrectCoordinate" fullname="WildEarth.Tests.Voxel.ChunkNeighborTests.West_ReturnsCorrectCoordinate" methodname="West_ReturnsCorrectCoordinate" classname="WildEarth.Tests.Voxel.ChunkNeighborTests" runstate="Runnable" seed="339703503" result="Passed" start-time="2026-09-03 23:11:19Z" end-time="2026-09-03 23:11:19Z" duration="0.000338" asserts="0">
                <properties>
                  <property name="retryIteration" value="0" />
                  <property name="repeatIteration" value="0" />
                </properties>
              </test-case>
            </test-suite>
            <test-suite type="TestFixture" id="1177" name="ChunkStorageTests" fullname="WildEarth.Tests.Voxel.ChunkStorageTests" classname="WildEarth.Tests.Voxel.ChunkStorageTests" runstate="Runnable" testcasecount="5" result="Passed" start-time="2026-09-03 23:11:19Z" end-time="2026-09-03 23:11:19Z" duration="0.017650" total="5" passed="5" failed="0" inconclusive="0" skipped="0" asserts="0">
              <properties />
              <test-case id="1178" name="CreateChunk_AddsChunkToStorage" fullname="WildEarth.Tests.Voxel.ChunkStorageTests.CreateChunk_AddsChunkToStorage" methodname="CreateChunk_AddsChunkToStorage" classname="WildEarth.Tests.Voxel.ChunkStorageTests" runstate="Runnable" seed="1707610723" result="Passed" start-time="2026-09-03 23:11:19Z" end-time="2026-09-03 23:11:19Z" duration="0.001021" asserts="0">
                <properties>
                  <property name="retryIteration" value="0" />
                  <property name="repeatIteration" value="0" />
                </properties>
              </test-case>
              <test-case id="1180" name="CreateChunk_HasVoxelAndBiomeData" fullname="WildEarth.Tests.Voxel.ChunkStorageTests.CreateChunk_HasVoxelAndBiomeData" methodname="CreateChunk_HasVoxelAndBiomeData" classname="WildEarth.Tests.Voxel.ChunkStorageTests" runstate="Runnable" seed="71910982" result="Passed" start-time="2026-09-03 23:11:19Z" end-time="2026-09-03 23:11:19Z" duration="0.000640" asserts="0">
                <properties>
                  <property name="retryIteration" value="0" />
                  <property name="repeatIteration" value="0" />
                </properties>
              </test-case>
              <test-case id="1179" name="CreateChunk_StartsInLoadingState" fullname="WildEarth.Tests.Voxel.ChunkStorageTests.CreateChunk_StartsInLoadingState" methodname="CreateChunk_StartsInLoadingState" classname="WildEarth.Tests.Voxel.ChunkStorageTests" runstate="Runnable" seed="1942581873" result="Passed" start-time="2026-09-03 23:11:19Z" end-time="2026-09-03 23:11:19Z" duration="0.000434" asserts="0">
                <properties>
                  <property name="retryIteration" value="0" />
                  <property name="repeatIteration" value="0" />
                </properties>
              </test-case>
              <test-case id="1182" name="ExistingChunk_IsReturnedInsteadOfDuplicated" fullname="WildEarth.Tests.Voxel.ChunkStorageTests.ExistingChunk_IsReturnedInsteadOfDuplicated" methodname="ExistingChunk_IsReturnedInsteadOfDuplicated" classname="WildEarth.Tests.Voxel.ChunkStorageTests" runstate="Runnable" seed="1878257473" result="Passed" start-time="2026-09-03 23:11:19Z" end-time="2026-09-03 23:11:19Z" duration="0.002960" asserts="0">
                <properties>
                  <property name="retryIteration" value="0" />
                  <property name="repeatIteration" value="0" />
                </properties>
              </test-case>
              <test-case id="1181" name="RemoveChunk_ReturnsBuffersToPools" fullname="WildEarth.Tests.Voxel.ChunkStorageTests.RemoveChunk_ReturnsBuffersToPools" methodname="RemoveChunk_ReturnsBuffersToPools" classname="WildEarth.Tests.Voxel.ChunkStorageTests" runstate="Runnable" seed="626070023" result="Passed" start-time="2026-09-03 23:11:19Z" end-time="2026-09-03 23:11:19Z" duration="0.001616" asserts="0">
                <properties>
                  <property name="retryIteration" value="0" />
                  <property name="repeatIteration" value="0" />
                </properties>
              </test-case>
            </test-suite>
            <test-suite type="TestFixture" id="1183" name="FluidDefinitionTests" fullname="WildEarth.Tests.Voxel.FluidDefinitionTests" classname="WildEarth.Tests.Voxel.FluidDefinitionTests" runstate="Runnable" testcasecount="12" result="Passed" start-time="2026-09-03 23:11:19Z" end-time="2026-09-03 23:11:19Z" duration="0.017754" total="12" passed="12" failed="0" inconclusive="0" skipped="0" asserts="0">
              <properties />
              <test-case id="1191" name="DifferentLevelsAreNotEqual" fullname="WildEarth.Tests.Voxel.FluidDefinitionTests.DifferentLevelsAreNotEqual" methodname="DifferentLevelsAreNotEqual" classname="WildEarth.Tests.Voxel.FluidDefinitionTests" runstate="Runnable" seed="562969722" result="Passed" start-time="2026-09-03 23:11:19Z" end-time="2026-09-03 23:11:19Z" duration="0.001396" asserts="0">
                <properties>
                  <property name="retryIteration" value="0" />
                  <property name="repeatIteration" value="0" />
                </properties>
              </test-case>
              <test-case id="1188" name="EmptySourceIsEmpty" fullname="WildEarth.Tests.Voxel.FluidDefinitionTests.EmptySourceIsEmpty" methodname="EmptySourceIsEmpty" classname="WildEarth.Tests.Voxel.FluidDefinitionTests" runstate="Runnable" seed="778884054" result="Passed" start-time="2026-09-03 23:11:19Z" end-time="2026-09-03 23:11:19Z" duration="0.000624" asserts="0">
                <properties>
                  <property name="retryIteration" value="0" />
                  <property name="repeatIteration" value="0" />
                </properties>
              </test-case>
              <test-case id="1184" name="EmptyStateIsEmpty" fullname="WildEarth.Tests.Voxel.FluidDefinitionTests.EmptyStateIsEmpty" methodname="EmptyStateIsEmpty" classname="WildEarth.Tests.Voxel.FluidDefinitionTests" runstate="Runnable" seed="91678307" result="Passed" start-time="2026-09-03 23:11:19Z" end-time="2026-09-03 23:11:19Z" duration="0.001094" asserts="0">
                <properties>
                  <property name="retryIteration" value="0" />
                  <property name="repeatIteration" value="0" />
                </properties>
              </test-case>
              <test-case id="1190" name="EqualStatesAreEqual" fullname="WildEarth.Tests.Voxel.FluidDefinitionTests.EqualStatesAreEqual" methodname="EqualStatesAreEqual" classname="WildEarth.Tests.Voxel.FluidDefinitionTests" runstate="Runnable" seed="417397320" result="Passed" start-time="2026-09-03 23:11:19Z" end-time="2026-09-03 23:11:19Z" duration="0.000746" asserts="0">
                <properties>
                  <property name="retryIteration" value="0" />
                  <property name="repeatIteration" value="0" />
                </properties>
              </test-case>
              <test-case id="1187" name="LevelIsClampedToMaximum" fullname="WildEarth.Tests.Voxel.FluidDefinitionTests.LevelIsClampedToMaximum" methodname="LevelIsClampedToMaximum" classname="WildEarth.Tests.Voxel.FluidDefinitionTests" runstate="Runnable" seed="1626927100" result="Passed" start-time="2026-09-03 23:11:19Z" end-time="2026-09-03 23:11:19Z" duration="0.000208" asserts="0">
                <properties>
                  <property name="retryIteration" value="0" />
                  <property name="repeatIteration" value="0" />
                </properties>
              </test-case>
              <test-case id="1192" name="RuntimeDataCanBeValid" fullname="WildEarth.Tests.Voxel.FluidDefinitionTests.RuntimeDataCanBeValid" methodname="RuntimeDataCanBeValid" classname="WildEarth.Tests.Voxel.FluidDefinitionTests" runstate="Runnable" seed="2096532926" result="Passed" start-time="2026-09-03 23:11:19Z" end-time="2026-09-03 23:11:19Z" duration="0.000248" asserts="0">
                <properties>
                  <property name="retryIteration" value="0" />
                  <property name="repeatIteration" value="0" />
                </properties>
              </test-case>
              <test-case id="1193" name="RuntimeDataWithAirIsInvalid" fullname="WildEarth.Tests.Voxel.FluidDefinitionTests.RuntimeDataWithAirIsInvalid" methodname="RuntimeDataWithAirIsInvalid" classname="WildEarth.Tests.Voxel.FluidDefinitionTests" runstate="Runnable" seed="1146297162" result="Passed" start-time="2026-09-03 23:11:19Z" end-time="2026-09-03 23:11:19Z" duration="0.000151" asserts="0">
                <properties>
                  <property name="retryIteration" value="0" />
                  <property name="repeatIteration" value="0" />
                </properties>
              </test-case>
              <test-case id="1194" name="RuntimeDataWithNoneIsInvalid" fullname="WildEarth.Tests.Voxel.FluidDefinitionTests.RuntimeDataWithNoneIsInvalid" methodname="RuntimeDataWithNoneIsInvalid" classname="WildEarth.Tests.Voxel.FluidDefinitionTests" runstate="Runnable" seed="1511349274" result="Passed" start-time="2026-09-03 23:11:19Z" end-time="2026-09-03 23:11:19Z" duration="0.000144" asserts="0">
                <properties>
                  <property name="retryIteration" value="0" />
                  <property name="repeatIteration" value="0" />
                </properties>
              </test-case>
              <test-case id="1195" name="RuntimeDataWithZeroLevelIsInvalid" fullname="WildEarth.Tests.Voxel.FluidDefinitionTests.RuntimeDataWithZeroLevelIsInvalid" methodname="RuntimeDataWithZeroLevelIsInvalid" classname="WildEarth.Tests.Voxel.FluidDefinitionTests" runstate="Runnable" seed="2142723158" result="Passed" start-time="2026-09-03 23:11:19Z" end-time="2026-09-03 23:11:19Z" duration="0.000145" asserts="0">
                <properties>
                  <property name="retryIteration" value="0" />
                  <property name="repeatIteration" value="0" />
                </properties>
              </test-case>
              <test-case id="1185" name="SourceHasMaximumLevel" fullname="WildEarth.Tests.Voxel.FluidDefinitionTests.SourceHasMaximumLevel" methodname="SourceHasMaximumLevel" classname="WildEarth.Tests.Voxel.FluidDefinitionTests" runstate="Runnable" seed="1816216659" result="Passed" start-time="2026-09-03 23:11:19Z" end-time="2026-09-03 23:11:19Z" duration="0.000349" asserts="0">
                <properties>
                  <property name="retryIteration" value="0" />
                  <property name="repeatIteration" value="0" />
                </properties>
              </test-case>
              <test-case id="1189" name="WithLevelChangesOnlyLevel" fullname="WildEarth.Tests.Voxel.FluidDefinitionTests.WithLevelChangesOnlyLevel" methodname="WithLevelChangesOnlyLevel" classname="WildEarth.Tests.Voxel.FluidDefinitionTests" runstate="Runnable" seed="1856074829" result="Passed" start-time="2026-09-03 23:11:19Z" end-time="2026-09-03 23:11:19Z" duration="0.000332" asserts="0">
                <properties>
                  <property name="retryIteration" value="0" />
                  <property name="repeatIteration" value="0" />
                </properties>
              </test-case>
              <test-case id="1186" name="ZeroLevelRemovesFluidType" fullname="WildEarth.Tests.Voxel.FluidDefinitionTests.ZeroLevelRemovesFluidType" methodname="ZeroLevelRemovesFluidType" classname="WildEarth.Tests.Voxel.FluidDefinitionTests" runstate="Runnable" seed="871587259" result="Passed" start-time="2026-09-03 23:11:19Z" end-time="2026-09-03 23:11:19Z" duration="0.000226" asserts="0">
                <properties>
                  <property name="retryIteration" value="0" />
                  <property name="repeatIteration" value="0" />
                </properties>
              </test-case>
            </test-suite>
            <test-suite type="TestFixture" id="1196" name="FluidPropagationTests" fullname="WildEarth.Tests.Voxel.FluidPropagationTests" classname="WildEarth.Tests.Voxel.FluidPropagationTests" runstate="Runnable" testcasecount="14" result="Passed" start-time="2026-09-03 23:11:19Z" end-time="2026-09-03 23:11:19Z" duration="0.016905" total="14" passed="14" failed="0" inconclusive="0" skipped="0" asserts="0">
              <properties />
              <test-case id="1210" name="DefaultSimulationSettingsAreValid" fullname="WildEarth.Tests.Voxel.FluidPropagationTests.DefaultSimulationSettingsAreValid" methodname="DefaultSimulationSettingsAreValid" classname="WildEarth.Tests.Voxel.FluidPropagationTests" runstate="Runnable" seed="336035860" result="Passed" start-time="2026-09-03 23:11:19Z" end-time="2026-09-03 23:11:19Z" duration="0.000674" asserts="0">
                <properties>
                  <property name="retryIteration" value="0" />
                  <property name="repeatIteration" value="0" />
                </properties>
              </test-case>
              <test-case id="1206" name="DifferentFluidTypesDoNotReplaceEachOther" fullname="WildEarth.Tests.Voxel.FluidPropagationTests.DifferentFluidTypesDoNotReplaceEachOther" methodname="DifferentFluidTypesDoNotReplaceEachOther" classname="WildEarth.Tests.Voxel.FluidPropagationTests" runstate="Runnable" seed="494784984" result="Passed" start-time="2026-09-03 23:11:19Z" end-time="2026-09-03 23:11:19Z" duration="0.000360" asserts="0">
                <properties>
                  <property name="retryIteration" value="0" />
                  <property name="repeatIteration" value="0" />
                </properties>
              </test-case>
              <test-case id="1202" name="EmptyIncomingFluidCannotReplace" fullname="WildEarth.Tests.Voxel.FluidPropagationTests.EmptyIncomingFluidCannotReplace" methodname="EmptyIncomingFluidCannotReplace" classname="WildEarth.Tests.Voxel.FluidPropagationTests" runstate="Runnable" seed="883188649" result="Passed" start-time="2026-09-03 23:11:19Z" end-time="2026-09-03 23:11:19Z" duration="0.000230" asserts="0">
                <properties>
                  <property name="retryIteration" value="0" />
                  <property name="repeatIteration" value="0" />
                </properties>
              </test-case>
              <test-case id="1201" name="EmptySourceProducesEmptyFlow" fullname="WildEarth.Tests.Voxel.FluidPropagationTests.EmptySourceProducesEmptyFlow" methodname="EmptySourceProducesEmptyFlow" classname="WildEarth.Tests.Voxel.FluidPropagationTests" runstate="Runnable" seed="262613452" result="Passed" start-time="2026-09-03 23:11:19Z" end-time="2026-09-03 23:11:19Z" duration="0.000246" asserts="0">
                <properties>
                  <property name="retryIteration" value="0" />
                  <property name="repeatIteration" value="0" />
                </properties>
              </test-case>
              <test-case id="1203" name="EmptyVoxelAcceptsFluid" fullname="WildEarth.Tests.Voxel.FluidPropagationTests.EmptyVoxelAcceptsFluid" methodname="EmptyVoxelAcceptsFluid" classname="WildEarth.Tests.Voxel.FluidPropagationTests" runstate="Runnable" seed="242717150" result="Passed" start-time="2026-09-03 23:11:19Z" end-time="2026-09-03 23:11:19Z" duration="0.000226" asserts="0">
                <properties>
                  <property name="retryIteration" value="0" />
                  <property name="repeatIteration" value="0" />
                </properties>
              </test-case>
              <test-case id="1198" name="HorizontalFlowCannotGoBelowZero" fullname="WildEarth.Tests.Voxel.FluidPropagationTests.HorizontalFlowCannotGoBelowZero" methodname="HorizontalFlowCannotGoBelowZero" classname="WildEarth.Tests.Voxel.FluidPropagationTests" runstate="Runnable" seed="1475820134" result="Passed" start-time="2026-09-03 23:11:19Z" end-time="2026-09-03 23:11:19Z" duration="0.000303" asserts="0">
                <properties>
                  <property name="retryIteration" value="0" />
                  <property name="repeatIteration" value="0" />
                </properties>
              </test-case>
              <test-case id="1197" name="HorizontalFlowReducesLevel" fullname="WildEarth.Tests.Voxel.FluidPropagationTests.HorizontalFlowReducesLevel" methodname="HorizontalFlowReducesLevel" classname="WildEarth.Tests.Voxel.FluidPropagationTests" runstate="Runnable" seed="822257755" result="Passed" start-time="2026-09-03 23:11:19Z" end-time="2026-09-03 23:11:19Z" duration="0.000317" asserts="0">
                <properties>
                  <property name="retryIteration" value="0" />
                  <property name="repeatIteration" value="0" />
                </properties>
              </test-case>
              <test-case id="1199" name="HorizontalFlowWithLargeDecayIsEmpty" fullname="WildEarth.Tests.Voxel.FluidPropagationTests.HorizontalFlowWithLargeDecayIsEmpty" methodname="HorizontalFlowWithLargeDecayIsEmpty" classname="WildEarth.Tests.Voxel.FluidPropagationTests" runstate="Runnable" seed="1936272635" result="Passed" start-time="2026-09-03 23:11:19Z" end-time="2026-09-03 23:11:19Z" duration="0.000279" asserts="0">
                <properties>
                  <property name="retryIteration" value="0" />
                  <property name="repeatIteration" value="0" />
                </properties>
              </test-case>
              <test-case id="1208" name="SimulationStateAcceptsValidLocalCoordinates" fullname="WildEarth.Tests.Voxel.FluidPropagationTests.SimulationStateAcceptsValidLocalCoordinates" methodname="SimulationStateAcceptsValidLocalCoordinates" classname="WildEarth.Tests.Voxel.FluidPropagationTests" runstate="Runnable" seed="762757607" result="Passed" start-time="2026-09-03 23:11:19Z" end-time="2026-09-03 23:11:19Z" duration="0.000538" asserts="0">
                <properties>
                  <property name="retryIteration" value="0" />
                  <property name="repeatIteration" value="0" />
                </properties>
              </test-case>
              <test-case id="1209" name="SimulationStateRejectsInvalidCoordinates" fullname="WildEarth.Tests.Voxel.FluidPropagationTests.SimulationStateRejectsInvalidCoordinates" methodname="SimulationStateRejectsInvalidCoordinates" classname="WildEarth.Tests.Voxel.FluidPropagationTests" runstate="Runnable" seed="1658588025" result="Passed" start-time="2026-09-03 23:11:19Z" end-time="2026-09-03 23:11:19Z" duration="0.000305" asserts="0">
                <properties>
                  <property name="retryIteration" value="0" />
                  <property name="repeatIteration" value="0" />
                </properties>
              </test-case>
              <test-case id="1207" name="SourceHasMaximumLevel" fullname="WildEarth.Tests.Voxel.FluidPropagationTests.SourceHasMaximumLevel" methodname="SourceHasMaximumLevel" classname="WildEarth.Tests.Voxel.FluidPropagationTests" runstate="Runnable" seed="719678721" result="Passed" start-time="2026-09-03 23:11:19Z" end-time="2026-09-03 23:11:19Z" duration="0.000211" asserts="0">
                <properties>
                  <property name="retryIteration" value="0" />
                  <property name="repeatIteration" value="0" />
                </properties>
              </test-case>
              <test-case id="1204" name="StrongerSameFluidReplacesWeakerFluid" fullname="WildEarth.Tests.Voxel.FluidPropagationTests.StrongerSameFluidReplacesWeakerFluid" methodname="StrongerSameFluidReplacesWeakerFluid" classname="WildEarth.Tests.Voxel.FluidPropagationTests" runstate="Runnable" seed="1683879470" result="Passed" start-time="2026-09-03 23:11:19Z" end-time="2026-09-03 23:11:19Z" duration="0.000151" asserts="0">
                <properties>
                  <property name="retryIteration" value="0" />
                  <property name="repeatIteration" value="0" />
                </properties>
              </test-case>
              <test-case id="1200" name="VerticalFlowReducesLevel" fullname="WildEarth.Tests.Voxel.FluidPropagationTests.VerticalFlowReducesLevel" methodname="VerticalFlowReducesLevel" classname="WildEarth.Tests.Voxel.FluidPropagationTests" runstate="Runnable" seed="1935177655" result="Passed" start-time="2026-09-03 23:11:19Z" end-time="2026-09-03 23:11:19Z" duration="0.000174" asserts="0">
                <properties>
                  <property name="retryIteration" value="0" />
                  <property name="repeatIteration" value="0" />
                </properties>
              </test-case>
              <test-case id="1205" name="WeakerSameFluidDoesNotReplaceStrongerFluid" fullname="WildEarth.Tests.Voxel.FluidPropagationTests.WeakerSameFluidDoesNotReplaceStrongerFluid" methodname="WeakerSameFluidDoesNotReplaceStrongerFluid" classname="WildEarth.Tests.Voxel.FluidPropagationTests" runstate="Runnable" seed="1353669601" result="Passed" start-time="2026-09-03 23:11:19Z" end-time="2026-09-03 23:11:19Z" duration="0.000150" asserts="0">
                <properties>
                  <property name="retryIteration" value="0" />
                  <property name="repeatIteration" value="0" />
                </properties>
              </test-case>
            </test-suite>
            <test-suite type="TestFixture" id="1211" name="FluidRegistryTests" fullname="WildEarth.Tests.Voxel.FluidRegistryTests" classname="WildEarth.Tests.Voxel.FluidRegistryTests" runstate="Runnable" testcasecount="4" result="Passed" start-time="2026-09-03 23:11:19Z" end-time="2026-09-03 23:11:19Z" duration="0.017588" total="4" passed="4" failed="0" inconclusive="0" skipped="0" asserts="0">
              <properties />
              <test-case id="1215" name="DifferentFluidTypesAreDistinct" fullname="WildEarth.Tests.Voxel.FluidRegistryTests.DifferentFluidTypesAreDistinct" methodname="DifferentFluidTypesAreDistinct" classname="WildEarth.Tests.Voxel.FluidRegistryTests" runstate="Runnable" seed="1716697755" result="Passed" start-time="2026-09-03 23:11:19Z" end-time="2026-09-03 23:11:19Z" duration="0.000466" asserts="0">
                <properties>
                  <property name="retryIteration" value="0" />
                  <property name="repeatIteration" value="0" />
                </properties>
              </test-case>
              <test-case id="1214" name="NativeArrayCanStoreRuntimeData" fullname="WildEarth.Tests.Voxel.FluidRegistryTests.NativeArrayCanStoreRuntimeData" methodname="NativeArrayCanStoreRuntimeData" classname="WildEarth.Tests.Voxel.FluidRegistryTests" runstate="Runnable" seed="805750946" result="Passed" start-time="2026-09-03 23:11:19Z" end-time="2026-09-03 23:11:19Z" duration="0.003614" asserts="0">
                <properties>
                  <property name="retryIteration" value="0" />
                  <property name="repeatIteration" value="0" />
                </properties>
              </test-case>
              <test-case id="1212" name="RuntimeDataCanBeCreated" fullname="WildEarth.Tests.Voxel.FluidRegistryTests.RuntimeDataCanBeCreated" methodname="RuntimeDataCanBeCreated" classname="WildEarth.Tests.Voxel.FluidRegistryTests" runstate="Runnable" seed="829955147" result="Passed" start-time="2026-09-03 23:11:19Z" end-time="2026-09-03 23:11:19Z" duration="0.000397" asserts="0">
                <properties>
                  <property name="retryIteration" value="0" />
                  <property name="repeatIteration" value="0" />
                </properties>
              </test-case>
              <test-case id="1213" name="RuntimeDataPropertiesArePreserved" fullname="WildEarth.Tests.Voxel.FluidRegistryTests.RuntimeDataPropertiesArePreserved" methodname="RuntimeDataPropertiesArePreserved" classname="WildEarth.Tests.Voxel.FluidRegistryTests" runstate="Runnable" seed="1440513456" result="Passed" start-time="2026-09-03 23:11:19Z" end-time="2026-09-03 23:11:19Z" duration="0.000819" asserts="0">
                <properties>
                  <property name="retryIteration" value="0" />
                  <property name="repeatIteration" value="0" />
                </properties>
              </test-case>
            </test-suite>
            <test-suite type="TestFixture" id="1225" name="OreGenerationTests" fullname="WildEarth.Tests.Voxel.OreGenerationTests" classname="WildEarth.Tests.Voxel.OreGenerationTests" runstate="Runnable" testcasecount="6" result="Passed" start-time="2026-09-03 23:11:19Z" end-time="2026-09-03 23:11:19Z" duration="0.244544" total="6" passed="6" failed="0" inconclusive="0" skipped="0" asserts="0">
              <properties />
              <test-case id="1231" name="ChunkCoordinateAffectsGenerationPosition" fullname="WildEarth.Tests.Voxel.OreGenerationTests.ChunkCoordinateAffectsGenerationPosition" methodname="ChunkCoordinateAffectsGenerationPosition" classname="WildEarth.Tests.Voxel.OreGenerationTests" runstate="Runnable" seed="1983978329" result="Passed" start-time="2026-09-03 23:11:19Z" end-time="2026-09-03 23:11:19Z" duration="0.043751" asserts="0">
                <properties>
                  <property name="retryIteration" value="0" />
                  <property name="repeatIteration" value="0" />
                </properties>
              </test-case>
              <test-case id="1228" name="DifferentSeedProducesDifferentResult" fullname="WildEarth.Tests.Voxel.OreGenerationTests.DifferentSeedProducesDifferentResult" methodname="DifferentSeedProducesDifferentResult" classname="WildEarth.Tests.Voxel.OreGenerationTests" runstate="Runnable" seed="653073814" result="Passed" start-time="2026-09-03 23:11:19Z" end-time="2026-09-03 23:11:19Z" duration="0.040930" asserts="0">
                <properties>
                  <property name="retryIteration" value="0" />
                  <property name="repeatIteration" value="0" />
                </properties>
              </test-case>
              <test-case id="1226" name="DisabledDoesNothing" fullname="WildEarth.Tests.Voxel.OreGenerationTests.DisabledDoesNothing" methodname="DisabledDoesNothing" classname="WildEarth.Tests.Voxel.OreGenerationTests" runstate="Runnable" seed="602870892" result="Passed" start-time="2026-09-03 23:11:19Z" end-time="2026-09-03 23:11:19Z" duration="0.013677" asserts="0">
                <properties>
                  <property name="retryIteration" value="0" />
                  <property name="repeatIteration" value="0" />
                </properties>
              </test-case>
              <test-case id="1229" name="OnlyHostBlocksAreReplaced" fullname="WildEarth.Tests.Voxel.OreGenerationTests.OnlyHostBlocksAreReplaced" methodname="OnlyHostBlocksAreReplaced" classname="WildEarth.Tests.Voxel.OreGenerationTests" runstate="Runnable" seed="545226414" result="Passed" start-time="2026-09-03 23:11:19Z" end-time="2026-09-03 23:11:19Z" duration="0.020229" asserts="0">
                <properties>
                  <property name="retryIteration" value="0" />
                  <property name="repeatIteration" value="0" />
                </properties>
              </test-case>
              <test-case id="1230" name="OreNeverGeneratesOutsideYRange" fullname="WildEarth.Tests.Voxel.OreGenerationTests.OreNeverGeneratesOutsideYRange" methodname="OreNeverGeneratesOutsideYRange" classname="WildEarth.Tests.Voxel.OreGenerationTests" runstate="Runnable" seed="136318015" result="Passed" start-time="2026-09-03 23:11:19Z" end-time="2026-09-03 23:11:19Z" duration="0.006711" asserts="0">
                <properties>
                  <property name="retryIteration" value="0" />
                  <property name="repeatIteration" value="0" />
                </properties>
              </test-case>
              <test-case id="1227" name="SameSeedProducesSameResult" fullname="WildEarth.Tests.Voxel.OreGenerationTests.SameSeedProducesSameResult" methodname="SameSeedProducesSameResult" classname="WildEarth.Tests.Voxel.OreGenerationTests" runstate="Runnable" seed="1398316939" result="Passed" start-time="2026-09-03 23:11:19Z" end-time="2026-09-03 23:11:19Z" duration="0.105718" asserts="0">
                <properties>
                  <property name="retryIteration" value="0" />
                  <property name="repeatIteration" value="0" />
                </properties>
              </test-case>
            </test-suite>
            <test-suite type="TestFixture" id="1232" name="TerrainNoiseTests" fullname="WildEarth.Tests.Voxel.TerrainNoiseTests" classname="WildEarth.Tests.Voxel.TerrainNoiseTests" runstate="Runnable" testcasecount="4" result="Passed" start-time="2026-09-03 23:11:19Z" end-time="2026-09-03 23:11:19Z" duration="0.020501" total="4" passed="4" failed="0" inconclusive="0" skipped="0" asserts="0">
              <properties />
              <test-case id="1234" name="DifferentSeeds_ProduceDifferentNoise" fullname="WildEarth.Tests.Voxel.TerrainNoiseTests.DifferentSeeds_ProduceDifferentNoise" methodname="DifferentSeeds_ProduceDifferentNoise" classname="WildEarth.Tests.Voxel.TerrainNoiseTests" runstate="Runnable" seed="1210153919" result="Passed" start-time="2026-09-03 23:11:19Z" end-time="2026-09-03 23:11:19Z" duration="0.006133" asserts="0">
                <properties>
                  <property name="retryIteration" value="0" />
                  <property name="repeatIteration" value="0" />
                </properties>
              </test-case>
              <test-case id="1236" name="Fractal_IsDeterministic" fullname="WildEarth.Tests.Voxel.TerrainNoiseTests.Fractal_IsDeterministic" methodname="Fractal_IsDeterministic" classname="WildEarth.Tests.Voxel.TerrainNoiseTests" runstate="Runnable" seed="114071520" result="Passed" start-time="2026-09-03 23:11:19Z" end-time="2026-09-03 23:11:19Z" duration="0.000454" asserts="0">
                <properties>
                  <property name="retryIteration" value="0" />
                  <property name="repeatIteration" value="0" />
                </properties>
              </test-case>
              <test-case id="1233" name="Sample_IsDeterministic" fullname="WildEarth.Tests.Voxel.TerrainNoiseTests.Sample_IsDeterministic" methodname="Sample_IsDeterministic" classname="WildEarth.Tests.Voxel.TerrainNoiseTests" runstate="Runnable" seed="1578547401" result="Passed" start-time="2026-09-03 23:11:19Z" end-time="2026-09-03 23:11:19Z" duration="0.000454" asserts="0">
                <properties>
                  <property name="retryIteration" value="0" />
                  <property name="repeatIteration" value="0" />
                </properties>
              </test-case>
              <test-case id="1235" name="Sample01_IsInsideExpectedRange" fullname="WildEarth.Tests.Voxel.TerrainNoiseTests.Sample01_IsInsideExpectedRange" methodname="Sample01_IsInsideExpectedRange" classname="WildEarth.Tests.Voxel.TerrainNoiseTests" runstate="Runnable" seed="28194156" result="Passed" start-time="2026-09-03 23:11:19Z" end-time="2026-09-03 23:11:19Z" duration="0.001243" asserts="0">
                <properties>
                  <property name="retryIteration" value="0" />
                  <property name="repeatIteration" value="0" />
                </properties>
              </test-case>
            </test-suite>
            <test-suite type="TestFixture" id="1237" name="VoxelWorldTests" fullname="WildEarth.Tests.Voxel.VoxelWorldTests" classname="WildEarth.Tests.Voxel.VoxelWorldTests" runstate="Runnable" testcasecount="5" result="Passed" start-time="2026-09-03 23:11:19Z" end-time="2026-09-03 23:11:19Z" duration="0.062136" total="5" passed="5" failed="0" inconclusive="0" skipped="0" asserts="0">
              <properties />
              <test-case id="1239" name="LoadChunk_CreatesChunk" fullname="WildEarth.Tests.Voxel.VoxelWorldTests.LoadChunk_CreatesChunk" methodname="LoadChunk_CreatesChunk" classname="WildEarth.Tests.Voxel.VoxelWorldTests" runstate="Runnable" seed="1701571770" result="Passed" start-time="2026-09-03 23:11:19Z" end-time="2026-09-03 23:11:19Z" duration="0.001961" asserts="0">
                <properties>
                  <property name="retryIteration" value="0" />
                  <property name="repeatIteration" value="0" />
                </properties>
              </test-case>
              <test-case id="1240" name="LoadSameChunk_ReturnsSameInstance" fullname="WildEarth.Tests.Voxel.VoxelWorldTests.LoadSameChunk_ReturnsSameInstance" methodname="LoadSameChunk_ReturnsSameInstance" classname="WildEarth.Tests.Voxel.VoxelWorldTests" runstate="Runnable" seed="834418446" result="Passed" start-time="2026-09-03 23:11:19Z" end-time="2026-09-03 23:11:19Z" duration="0.001251" asserts="0">
                <properties>
                  <property name="retryIteration" value="0" />
                  <property name="repeatIteration" value="0" />
                </properties>
              </test-case>
              <test-case id="1241" name="UnloadChunk_RemovesChunk" fullname="WildEarth.Tests.Voxel.VoxelWorldTests.UnloadChunk_RemovesChunk" methodname="UnloadChunk_RemovesChunk" classname="WildEarth.Tests.Voxel.VoxelWorldTests" runstate="Runnable" seed="1617566022" result="Passed" start-time="2026-09-03 23:11:19Z" end-time="2026-09-03 23:11:19Z" duration="0.000972" asserts="0">
                <properties>
                  <property name="retryIteration" value="0" />
                  <property name="repeatIteration" value="0" />
                </properties>
              </test-case>
              <test-case id="1242" name="UnloadGeneratedChunk_CompletesGenerationBeforeRemoval" fullname="WildEarth.Tests.Voxel.VoxelWorldTests.UnloadGeneratedChunk_CompletesGenerationBeforeRemoval" methodname="UnloadGeneratedChunk_CompletesGenerationBeforeRemoval" classname="WildEarth.Tests.Voxel.VoxelWorldTests" runstate="Runnable" seed="1104825298" result="Passed" start-time="2026-09-03 23:11:19Z" end-time="2026-09-03 23:11:19Z" duration="0.046201" asserts="0">
                <properties>
                  <property name="retryIteration" value="0" />
                  <property name="repeatIteration" value="0" />
                </properties>
              </test-case>
              <test-case id="1238" name="World_StartsInitialized" fullname="WildEarth.Tests.Voxel.VoxelWorldTests.World_StartsInitialized" methodname="World_StartsInitialized" classname="WildEarth.Tests.Voxel.VoxelWorldTests" runstate="Runnable" seed="149739310" result="Passed" start-time="2026-09-03 23:11:19Z" end-time="2026-09-03 23:11:19Z" duration="0.000488" asserts="0">
                <properties>
                  <property name="retryIteration" value="0" />
                  <property name="repeatIteration" value="0" />
                </properties>
              </test-case>
            </test-suite>
          </test-suite>
        </test-suite>
        <test-suite type="TestSuite" id="1280" name="Voxel" fullname="WildEarth.Voxel" runstate="Runnable" testcasecount="28" result="Failed" site="Child" start-time="2026-09-03 23:11:19Z" end-time="2026-09-03 23:11:19Z" duration="0.114863" total="28" passed="27" failed="1" inconclusive="0" skipped="0" asserts="0">
          <properties />
          <failure>
            <message><![CDATA[One or more child tests had errors]]></message>
          </failure>
          <test-suite type="TestSuite" id="1281" name="Tests" fullname="WildEarth.Voxel.Tests" runstate="Runnable" testcasecount="28" result="Failed" site="Child" start-time="2026-09-03 23:11:19Z" end-time="2026-09-03 23:11:19Z" duration="0.103735" total="28" passed="27" failed="1" inconclusive="0" skipped="0" asserts="0">
            <properties />
            <failure>
              <message><![CDATA[One or more child tests had errors]]></message>
            </failure>
            <test-suite type="TestFixture" id="1243" name="BiomeRegistryAssetTests" fullname="WildEarth.Voxel.Tests.BiomeRegistryAssetTests" classname="WildEarth.Voxel.Tests.BiomeRegistryAssetTests" runstate="Runnable" testcasecount="2" result="Passed" start-time="2026-09-03 23:11:19Z" end-time="2026-09-03 23:11:19Z" duration="0.014440" total="2" passed="2" failed="0" inconclusive="0" skipped="0" asserts="0">
              <properties />
              <test-case id="1244" name="Asset_ContainsDefinitions" fullname="WildEarth.Voxel.Tests.BiomeRegistryAssetTests.Asset_ContainsDefinitions" methodname="Asset_ContainsDefinitions" classname="WildEarth.Voxel.Tests.BiomeRegistryAssetTests" runstate="Runnable" seed="471365470" result="Passed" start-time="2026-09-03 23:11:19Z" end-time="2026-09-03 23:11:19Z" duration="0.006931" asserts="0">
                <properties>
                  <property name="retryIteration" value="0" />
                  <property name="repeatIteration" value="0" />
                </properties>
              </test-case>
              <test-case id="1245" name="Registry_CanBeCreatedFromAsset" fullname="WildEarth.Voxel.Tests.BiomeRegistryAssetTests.Registry_CanBeCreatedFromAsset" methodname="Registry_CanBeCreatedFromAsset" classname="WildEarth.Voxel.Tests.BiomeRegistryAssetTests" runstate="Runnable" seed="1499217901" result="Passed" start-time="2026-09-03 23:11:19Z" end-time="2026-09-03 23:11:19Z" duration="0.001580" asserts="0">
                <properties>
                  <property name="retryIteration" value="0" />
                  <property name="repeatIteration" value="0" />
                </properties>
              </test-case>
            </test-suite>
            <test-suite type="TestFixture" id="1246" name="BiomeRuntimeDatabaseTests" fullname="WildEarth.Voxel.Tests.BiomeRuntimeDatabaseTests" classname="WildEarth.Voxel.Tests.BiomeRuntimeDatabaseTests" runstate="Runnable" testcasecount="4" result="Passed" start-time="2026-09-03 23:11:19Z" end-time="2026-09-03 23:11:19Z" duration="0.017338" total="4" passed="4" failed="0" inconclusive="0" skipped="0" asserts="0">
              <properties />
              <test-case id="1247" name="Registry_CreatesRuntimeData" fullname="WildEarth.Voxel.Tests.BiomeRuntimeDatabaseTests.Registry_CreatesRuntimeData" methodname="Registry_CreatesRuntimeData" classname="WildEarth.Voxel.Tests.BiomeRuntimeDatabaseTests" runstate="Runnable" seed="1143280400" result="Passed" start-time="2026-09-03 23:11:19Z" end-time="2026-09-03 23:11:19Z" duration="0.003472" asserts="0">
                <properties>
                  <property name="retryIteration" value="0" />
                  <property name="repeatIteration" value="0" />
                </properties>
              </test-case>
              <test-case id="1248" name="RuntimeDatabase_CreatesNativeData" fullname="WildEarth.Voxel.Tests.BiomeRuntimeDatabaseTests.RuntimeDatabase_CreatesNativeData" methodname="RuntimeDatabase_CreatesNativeData" classname="WildEarth.Voxel.Tests.BiomeRuntimeDatabaseTests" runstate="Runnable" seed="336795959" result="Passed" start-time="2026-09-03 23:11:19Z" end-time="2026-09-03 23:11:19Z" duration="0.001401" asserts="0">
                <properties>
                  <property name="retryIteration" value="0" />
                  <property name="repeatIteration" value="0" />
                </properties>
              </test-case>
              <test-case id="1250" name="Selector_ReturnsForestForWetClimate" fullname="WildEarth.Voxel.Tests.BiomeRuntimeDatabaseTests.Selector_ReturnsForestForWetClimate" methodname="Selector_ReturnsForestForWetClimate" classname="WildEarth.Voxel.Tests.BiomeRuntimeDatabaseTests" runstate="Runnable" seed="1751445535" result="Passed" start-time="2026-09-03 23:11:19Z" end-time="2026-09-03 23:11:19Z" duration="0.001316" asserts="0">
                <properties>
                  <property name="retryIteration" value="0" />
                  <property name="repeatIteration" value="0" />
                </properties>
              </test-case>
              <test-case id="1249" name="Selector_ReturnsPlainsForPlainsClimate" fullname="WildEarth.Voxel.Tests.BiomeRuntimeDatabaseTests.Selector_ReturnsPlainsForPlainsClimate" methodname="Selector_ReturnsPlainsForPlainsClimate" classname="WildEarth.Voxel.Tests.BiomeRuntimeDatabaseTests" runstate="Runnable" seed="1666793800" result="Passed" start-time="2026-09-03 23:11:19Z" end-time="2026-09-03 23:11:19Z" duration="0.000889" asserts="0">
                <properties>
                  <property name="retryIteration" value="0" />
                  <property name="repeatIteration" value="0" />
                </properties>
              </test-case>
            </test-suite>
            <test-suite type="TestFixture" id="1251" name="BiomeSelectorTests" fullname="WildEarth.Voxel.Tests.BiomeSelectorTests" classname="WildEarth.Voxel.Tests.BiomeSelectorTests" runstate="Runnable" testcasecount="4" result="Passed" start-time="2026-09-03 23:11:19Z" end-time="2026-09-03 23:11:19Z" duration="0.013426" total="4" passed="4" failed="0" inconclusive="0" skipped="0" asserts="0">
              <properties />
              <test-case id="1255" name="Selector_ColdClimate_ReturnsTundra" fullname="WildEarth.Voxel.Tests.BiomeSelectorTests.Selector_ColdClimate_ReturnsTundra" methodname="Selector_ColdClimate_ReturnsTundra" classname="WildEarth.Voxel.Tests.BiomeSelectorTests" runstate="Runnable" seed="436867606" result="Passed" start-time="2026-09-03 23:11:19Z" end-time="2026-09-03 23:11:19Z" duration="0.001663" asserts="0">
                <properties>
                  <property name="retryIteration" value="0" />
                  <property name="repeatIteration" value="0" />
                </properties>
              </test-case>
              <test-case id="1254" name="Selector_HotDryClimate_ReturnsDesert" fullname="WildEarth.Voxel.Tests.BiomeSelectorTests.Selector_HotDryClimate_ReturnsDesert" methodname="Selector_HotDryClimate_ReturnsDesert" classname="WildEarth.Voxel.Tests.BiomeSelectorTests" runstate="Runnable" seed="80165375" result="Passed" start-time="2026-09-03 23:11:19Z" end-time="2026-09-03 23:11:19Z" duration="0.000355" asserts="0">
                <properties>
                  <property name="retryIteration" value="0" />
                  <property name="repeatIteration" value="0" />
                </properties>
              </test-case>
              <test-case id="1252" name="Selector_PlainsClimate_ReturnsPlains" fullname="WildEarth.Voxel.Tests.BiomeSelectorTests.Selector_PlainsClimate_ReturnsPlains" methodname="Selector_PlainsClimate_ReturnsPlains" classname="WildEarth.Voxel.Tests.BiomeSelectorTests" runstate="Runnable" seed="2041046859" result="Passed" start-time="2026-09-03 23:11:19Z" end-time="2026-09-03 23:11:19Z" duration="0.000328" asserts="0">
                <properties>
                  <property name="retryIteration" value="0" />
                  <property name="repeatIteration" value="0" />
                </properties>
              </test-case>
              <test-case id="1253" name="Selector_WetClimate_ReturnsForest" fullname="WildEarth.Voxel.Tests.BiomeSelectorTests.Selector_WetClimate_ReturnsForest" methodname="Selector_WetClimate_ReturnsForest" classname="WildEarth.Voxel.Tests.BiomeSelectorTests" runstate="Runnable" seed="1743593768" result="Passed" start-time="2026-09-03 23:11:19Z" end-time="2026-09-03 23:11:19Z" duration="0.000419" asserts="0">
                <properties>
                  <property name="retryIteration" value="0" />
                  <property name="repeatIteration" value="0" />
                </properties>
              </test-case>
            </test-suite>
            <test-suite type="TestFixture" id="1256" name="FluidChangeBufferTests" fullname="WildEarth.Voxel.Tests.FluidChangeBufferTests" classname="WildEarth.Voxel.Tests.FluidChangeBufferTests" runstate="Runnable" testcasecount="7" result="Passed" start-time="2026-09-03 23:11:19Z" end-time="2026-09-03 23:11:19Z" duration="0.020374" total="7" passed="7" failed="0" inconclusive="0" skipped="0" asserts="0">
              <properties />
              <test-case id="1257" name="CapacityMatchesVoxelCount" fullname="WildEarth.Voxel.Tests.FluidChangeBufferTests.CapacityMatchesVoxelCount" methodname="CapacityMatchesVoxelCount" classname="WildEarth.Voxel.Tests.FluidChangeBufferTests" runstate="Runnable" seed="1172573138" result="Passed" start-time="2026-09-03 23:11:19Z" end-time="2026-09-03 23:11:19Z" duration="0.002546" asserts="0">
                <properties>
                  <property name="retryIteration" value="0" />
                  <property name="repeatIteration" value="0" />
                </properties>
              </test-case>
              <test-case id="1260" name="ClearResetsAllCounts" fullname="WildEarth.Voxel.Tests.FluidChangeBufferTests.ClearResetsAllCounts" methodname="ClearResetsAllCounts" classname="WildEarth.Voxel.Tests.FluidChangeBufferTests" runstate="Runnable" seed="570382173" result="Passed" start-time="2026-09-03 23:11:19Z" end-time="2026-09-03 23:11:19Z" duration="0.002161" asserts="0">
                <properties>
                  <property name="retryIteration" value="0" />
                  <property name="repeatIteration" value="0" />
                </properties>
              </test-case>
              <test-case id="1258" name="CountsStartAtZero" fullname="WildEarth.Voxel.Tests.FluidChangeBufferTests.CountsStartAtZero" methodname="CountsStartAtZero" classname="WildEarth.Voxel.Tests.FluidChangeBufferTests" runstate="Runnable" seed="1672194672" result="Passed" start-time="2026-09-03 23:11:19Z" end-time="2026-09-03 23:11:19Z" duration="0.000300" asserts="0">
                <properties>
                  <property name="retryIteration" value="0" />
                  <property name="repeatIteration" value="0" />
                </properties>
              </test-case>
              <test-case id="1262" name="InvalidChangeIndexThrows" fullname="WildEarth.Voxel.Tests.FluidChangeBufferTests.InvalidChangeIndexThrows" methodname="InvalidChangeIndexThrows" classname="WildEarth.Voxel.Tests.FluidChangeBufferTests" runstate="Runnable" seed="1713540545" result="Passed" start-time="2026-09-03 23:11:19Z" end-time="2026-09-03 23:11:19Z" duration="0.001417" asserts="0">
                <properties>
                  <property name="retryIteration" value="0" />
                  <property name="repeatIteration" value="0" />
                </properties>
              </test-case>
              <test-case id="1263" name="InvalidVoxelCountThrows" fullname="WildEarth.Voxel.Tests.FluidChangeBufferTests.InvalidVoxelCountThrows" methodname="InvalidVoxelCountThrows" classname="WildEarth.Voxel.Tests.FluidChangeBufferTests" runstate="Runnable" seed="2046867462" result="Passed" start-time="2026-09-03 23:11:19Z" end-time="2026-09-03 23:11:19Z" duration="0.000639" asserts="0">
                <properties>
                  <property name="retryIteration" value="0" />
                  <property name="repeatIteration" value="0" />
                </properties>
              </test-case>
              <test-case id="1261" name="InvalidVoxelIndexThrows" fullname="WildEarth.Voxel.Tests.FluidChangeBufferTests.InvalidVoxelIndexThrows" methodname="InvalidVoxelIndexThrows" classname="WildEarth.Voxel.Tests.FluidChangeBufferTests" runstate="Runnable" seed="1671099416" result="Passed" start-time="2026-09-03 23:11:19Z" end-time="2026-09-03 23:11:19Z" duration="0.000444" asserts="0">
                <properties>
                  <property name="retryIteration" value="0" />
                  <property name="repeatIteration" value="0" />
                </properties>
              </test-case>
              <test-case id="1259" name="StoredChangeCanBeRead" fullname="WildEarth.Voxel.Tests.FluidChangeBufferTests.StoredChangeCanBeRead" methodname="StoredChangeCanBeRead" classname="WildEarth.Voxel.Tests.FluidChangeBufferTests" runstate="Runnable" seed="152301531" result="Passed" start-time="2026-09-03 23:11:19Z" end-time="2026-09-03 23:11:19Z" duration="0.001212" asserts="0">
                <properties>
                  <property name="retryIteration" value="0" />
                  <property name="repeatIteration" value="0" />
                </properties>
              </test-case>
            </test-suite>
            <test-suite type="TestFixture" id="1264" name="FluidSimulationJobTests" fullname="WildEarth.Voxel.Tests.FluidSimulationJobTests" classname="WildEarth.Voxel.Tests.FluidSimulationJobTests" runstate="Runnable" testcasecount="11" result="Failed" site="Child" start-time="2026-09-03 23:11:19Z" end-time="2026-09-03 23:11:19Z" duration="0.031524" total="11" passed="10" failed="1" inconclusive="0" skipped="0" asserts="0">
              <properties />
              <failure>
                <message><![CDATA[One or more child tests had errors]]></message>
              </failure>
              <test-case id="1272" name="BoundaryDoesNotCreateInvalidHorizontalChanges" fullname="WildEarth.Voxel.Tests.FluidSimulationJobTests.BoundaryDoesNotCreateInvalidHorizontalChanges" methodname="BoundaryDoesNotCreateInvalidHorizontalChanges" classname="WildEarth.Voxel.Tests.FluidSimulationJobTests" runstate="Runnable" seed="200907879" result="Passed" start-time="2026-09-03 23:11:19Z" end-time="2026-09-03 23:11:19Z" duration="0.005945" asserts="0">
                <properties>
                  <property name="retryIteration" value="0" />
                  <property name="repeatIteration" value="0" />
                </properties>
              </test-case>
              <test-case id="1274" name="DisabledHorizontalFlowProducesNoHorizontalChanges" fullname="WildEarth.Voxel.Tests.FluidSimulationJobTests.DisabledHorizontalFlowProducesNoHorizontalChanges" methodname="DisabledHorizontalFlowProducesNoHorizontalChanges" classname="WildEarth.Voxel.Tests.FluidSimulationJobTests" runstate="Runnable" seed="1464179516" result="Passed" start-time="2026-09-03 23:11:19Z" end-time="2026-09-03 23:11:19Z" duration="0.000680" asserts="0">
                <properties>
                  <property name="retryIteration" value="0" />
                  <property name="repeatIteration" value="0" />
                </properties>
              </test-case>
              <test-case id="1275" name="DisabledVerticalFlowProducesNoVerticalChange" fullname="WildEarth.Voxel.Tests.FluidSimulationJobTests.DisabledVerticalFlowProducesNoVerticalChange" methodname="DisabledVerticalFlowProducesNoVerticalChange" classname="WildEarth.Voxel.Tests.FluidSimulationJobTests" runstate="Runnable" seed="192653532" result="Passed" start-time="2026-09-03 23:11:19Z" end-time="2026-09-03 23:11:19Z" duration="0.000488" asserts="0">
                <properties>
                  <property name="retryIteration" value="0" />
                  <property name="repeatIteration" value="0" />
                </properties>
              </test-case>
              <test-case id="1267" name="FluidSourceProducesHorizontalChanges" fullname="WildEarth.Voxel.Tests.FluidSimulationJobTests.FluidSourceProducesHorizontalChanges" methodname="FluidSourceProducesHorizontalChanges" classname="WildEarth.Voxel.Tests.FluidSimulationJobTests" runstate="Runnable" seed="1859994147" result="Passed" start-time="2026-09-03 23:11:19Z" end-time="2026-09-03 23:11:19Z" duration="0.000475" asserts="0">
                <properties>
                  <property name="retryIteration" value="0" />
                  <property name="repeatIteration" value="0" />
                </properties>
              </test-case>
              <test-case id="1266" name="FluidSourceProducesVerticalChange" fullname="WildEarth.Voxel.Tests.FluidSimulationJobTests.FluidSourceProducesVerticalChange" methodname="FluidSourceProducesVerticalChange" classname="WildEarth.Voxel.Tests.FluidSimulationJobTests" runstate="Runnable" seed="544706683" result="Passed" start-time="2026-09-03 23:11:19Z" end-time="2026-09-03 23:11:19Z" duration="0.000814" asserts="0">
                <properties>
                  <property name="retryIteration" value="0" />
                  <property name="repeatIteration" value="0" />
                </properties>
              </test-case>
              <test-case id="1268" name="HorizontalFlowUsesConfiguredDecay" fullname="WildEarth.Voxel.Tests.FluidSimulationJobTests.HorizontalFlowUsesConfiguredDecay" methodname="HorizontalFlowUsesConfiguredDecay" classname="WildEarth.Voxel.Tests.FluidSimulationJobTests" runstate="Runnable" seed="2015259654" result="Passed" start-time="2026-09-03 23:11:19Z" end-time="2026-09-03 23:11:19Z" duration="0.000658" asserts="0">
                <properties>
                  <property name="retryIteration" value="0" />
                  <property name="repeatIteration" value="0" />
                </properties>
              </test-case>
              <test-case id="1273" name="MaximumChangesPerVoxelIsFive" fullname="WildEarth.Voxel.Tests.FluidSimulationJobTests.MaximumChangesPerVoxelIsFive" methodname="MaximumChangesPerVoxelIsFive" classname="WildEarth.Voxel.Tests.FluidSimulationJobTests" runstate="Runnable" seed="1287493001" result="Passed" start-time="2026-09-03 23:11:19Z" end-time="2026-09-03 23:11:19Z" duration="0.000782" asserts="0">
                <properties>
                  <property name="retryIteration" value="0" />
                  <property name="repeatIteration" value="0" />
                </properties>
              </test-case>
              <test-case id="1265" name="NonFluidVoxelProducesNoChanges" fullname="WildEarth.Voxel.Tests.FluidSimulationJobTests.NonFluidVoxelProducesNoChanges" methodname="NonFluidVoxelProducesNoChanges" classname="WildEarth.Voxel.Tests.FluidSimulationJobTests" runstate="Runnable" seed="425641856" result="Passed" start-time="2026-09-03 23:11:19Z" end-time="2026-09-03 23:11:19Z" duration="0.000581" asserts="0">
                <properties>
                  <property name="retryIteration" value="0" />
                  <property name="repeatIteration" value="0" />
                </properties>
              </test-case>
              <test-case id="1271" name="SolidVoxelBlocksHorizontalFlow" fullname="WildEarth.Voxel.Tests.FluidSimulationJobTests.SolidVoxelBlocksHorizontalFlow" methodname="SolidVoxelBlocksHorizontalFlow" classname="WildEarth.Voxel.Tests.FluidSimulationJobTests" runstate="Runnable" seed="923485745" result="Passed" start-time="2026-09-03 23:11:19Z" end-time="2026-09-03 23:11:19Z" duration="0.000664" asserts="0">
                <properties>
                  <property name="retryIteration" value="0" />
                  <property name="repeatIteration" value="0" />
                </properties>
              </test-case>
              <test-case id="1270" name="SolidVoxelBlocksVerticalFlow" fullname="WildEarth.Voxel.Tests.FluidSimulationJobTests.SolidVoxelBlocksVerticalFlow" methodname="SolidVoxelBlocksVerticalFlow" classname="WildEarth.Voxel.Tests.FluidSimulationJobTests" runstate="Runnable" seed="1579579361" result="Failed" start-time="2026-09-03 23:11:19Z" end-time="2026-09-03 23:11:19Z" duration="0.007253" asserts="0">
                <properties>
                  <property name="retryIteration" value="0" />
                  <property name="repeatIteration" value="0" />
                </properties>
                <failure>
                  <message><![CDATA[Se encontró un cambio inesperado hacia (8, 7, 8).]]></message>
                  <stack-trace><![CDATA[at WildEarth.Voxel.Tests.FluidSimulationJobTests.AssertChangeDoesNotExist (System.Int32 sourceIndex, System.Int32 x, System.Int32 y, System.Int32 z) [0x00040] in C:\Users\tecno\Oficial WildEarth\Assets\_Project\Tests\Runtime\Voxel\FluidTests\FluidSimulationJobTests.cs:632
at WildEarth.Voxel.Tests.FluidSimulationJobTests.SolidVoxelBlocksVerticalFlow () [0x00040] in C:\Users\tecno\Oficial WildEarth\Assets\_Project\Tests\Runtime\Voxel\FluidTests\FluidSimulationJobTests.cs:311
]]></stack-trace>
                </failure>
              </test-case>
              <test-case id="1269" name="VerticalFlowUsesConfiguredDecay" fullname="WildEarth.Voxel.Tests.FluidSimulationJobTests.VerticalFlowUsesConfiguredDecay" methodname="VerticalFlowUsesConfiguredDecay" classname="WildEarth.Voxel.Tests.FluidSimulationJobTests" runstate="Runnable" seed="895566712" result="Passed" start-time="2026-09-03 23:11:19Z" end-time="2026-09-03 23:11:19Z" duration="0.000772" asserts="0">
                <properties>
                  <property name="retryIteration" value="0" />
                  <property name="repeatIteration" value="0" />
                </properties>
                <output><![CDATA[Saving results to: C:/Users/tecno/AppData/LocalLow/DefaultCompany/Oficial WildEarth\TestResults.xml
]]></output>
              </test-case>
            </test-suite>
          </test-suite>
        </test-suite>
      </test-suite>
    </test-suite>
  </test-suite>
</test-run>